[debug] [2026-07-03T13:07:25.338Z] ----------------------------------------------------------------------
[debug] [2026-07-03T13:07:25.340Z] Command:       C:\Program Files\nodejs\node.exe C:\Users\santh\AppData\Roaming\npm\node_modules\firebase-tools\lib\bin\firebase.js init
[debug] [2026-07-03T13:07:25.340Z] CLI Version:   15.22.4
[debug] [2026-07-03T13:07:25.340Z] Platform:      win32
[debug] [2026-07-03T13:07:25.340Z] Node Version:  v24.16.0
[debug] [2026-07-03T13:07:25.340Z] Detected Agent: unknown
[debug] [2026-07-03T13:07:25.340Z] Time:          Fri Jul 03 2026 18:37:25 GMT+0530 (India Standard Time)
[debug] [2026-07-03T13:07:25.340Z] ----------------------------------------------------------------------
[debug] 
[info] 
     ######## #### ########  ######## ########     ###     ######  ########
     ##        ##  ##     ## ##       ##     ##  ##   ##  ##       ##
     ######    ##  ########  ######   ########  #########  ######  ######
     ##        ##  ##    ##  ##       ##     ## ##     ##       ## ##
     ##       #### ##     ## ######## ########  ##     ##  ######  ########

You're about to initialize a Firebase project in this directory:

  C:\myportfolio

Before we get started, keep in mind:

  * You are currently outside your home directory

[info] 
=== Project Setup
[info] 
[info] First, let's associate this project directory with a Firebase project.
[info] You can create multiple project aliases by running firebase use --add, 
[info] 
[debug] [2026-07-03T13:07:32.519Z] > command requires scopes: ["email","openid","https://www.googleapis.com/auth/cloudplatformprojects.readonly","https://www.googleapis.com/auth/firebase","https://www.googleapis.com/auth/cloud-platform"]
[debug] [2026-07-03T13:07:32.519Z] > authorizing via signed-in user (santhiya557788@gmail.com)
[debug] [2026-07-03T13:07:32.520Z] Checked if tokens are valid: true, expires at: 1783087456542
[debug] [2026-07-03T13:07:32.520Z] Checked if tokens are valid: true, expires at: 1783087456542
[debug] [2026-07-03T13:07:32.521Z] >>> [apiv2][query] GET https://firebase.googleapis.com/v1beta1/projects/santhiya-76a25 [none]
[debug] [2026-07-03T13:07:32.936Z] <<< [apiv2][status] GET https://firebase.googleapis.com/v1beta1/projects/santhiya-76a25 200
[debug] [2026-07-03T13:07:32.936Z] <<< [apiv2][body] GET https://firebase.googleapis.com/v1beta1/projects/santhiya-76a25 {"projectId":"santhiya-76a25","projectNumber":"356994396440","displayName":"santhiya","name":"projects/santhiya-76a25","resources":{"hostingSite":"santhiya-76a25"},"state":"ACTIVE","labels":{"firebase":"enabled"},"etag":"1_2c60dc13-8eae-40a9-9497-c13df6e6b3ff"}
[info] i  Using project santhiya-76a25 (santhiya) . 
[info] 
=== Hosting Setup
[debug] [2026-07-03T13:07:43.009Z] Checked if tokens are valid: true, expires at: 1783087456542
[debug] [2026-07-03T13:07:43.009Z] Checked if tokens are valid: true, expires at: 1783087456542
[debug] [2026-07-03T13:07:43.009Z] >>> [apiv2][query] GET https://firebase.googleapis.com/v1beta1/projects/santhiya-76a25 [none]
[debug] [2026-07-03T13:07:43.647Z] <<< [apiv2][status] GET https://firebase.googleapis.com/v1beta1/projects/santhiya-76a25 200
[debug] [2026-07-03T13:07:43.648Z] <<< [apiv2][body] GET https://firebase.googleapis.com/v1beta1/projects/santhiya-76a25 {"projectId":"santhiya-76a25","projectNumber":"356994396440","displayName":"santhiya","name":"projects/santhiya-76a25","resources":{"hostingSite":"santhiya-76a25"},"state":"ACTIVE","labels":{"firebase":"enabled"},"etag":"1_2c60dc13-8eae-40a9-9497-c13df6e6b3ff"}
[info] 
[info] Your public directory is the folder (relative to your project directory) that
[info] will contain Hosting assets to be uploaded with firebase deploy. If you
[info] have a build process for your assets, use your build's output directory.
[info] 
[info] 
[info] i  Didn't detect a .git folder. Assuming C:\myportfolio is the project root. 
[info] i  Authorizing with GitHub to upload your service account to a GitHub repository's secrets store. 
[info] 
[info] Visit this URL on this device to log in:
[info] https://github.com/login/oauth/authorize?client_id=89cf50f02ac6aaed3484&state=689704100&redirect_uri=http%3A%2F%2Flocalhost%3A9005&scope=read%3Auser%20repo%20public_repo
[info] 
[info] Waiting for authentication...
[debug] [2026-07-03T13:07:56.049Z] >>> [apiv2][query] POST https://github.com/login/oauth/access_token [none]
[debug] [2026-07-03T13:07:56.050Z] >>> [apiv2][body] POST https://github.com/login/oauth/access_token [stream]
[debug] [2026-07-03T13:07:56.431Z] <<< [apiv2][status] POST https://github.com/login/oauth/access_token 200
[debug] [2026-07-03T13:07:56.432Z] <<< [apiv2][body] POST https://github.com/login/oauth/access_token {"access_token":"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","token_type":"bearer","scope":"read:user,repo"}
[debug] [2026-07-03T13:07:56.439Z] >>> [apiv2][query] GET https://api.github.com/user [none]
[debug] [2026-07-03T13:07:56.945Z] <<< [apiv2][status] GET https://api.github.com/user 200
[debug] [2026-07-03T13:07:56.946Z] <<< [apiv2][body] GET https://api.github.com/user {"login":"Santhiya26032006","id":201915845,"node_id":"U_kgDODAj9xQ","avatar_url":"https://avatars.githubusercontent.com/u/201915845?v=4","gravatar_id":"","url":"https://api.github.com/users/Santhiya26032006","html_url":"https://github.com/Santhiya26032006","followers_url":"https://api.github.com/users/Santhiya26032006/followers","following_url":"https://api.github.com/users/Santhiya26032006/following{/other_user}","gists_url":"https://api.github.com/users/Santhiya26032006/gists{/gist_id}","starred_url":"https://api.github.com/users/Santhiya26032006/starred{/owner}{/repo}","subscriptions_url":"https://api.github.com/users/Santhiya26032006/subscriptions","organizations_url":"https://api.github.com/users/Santhiya26032006/orgs","repos_url":"https://api.github.com/users/Santhiya26032006/repos","events_url":"https://api.github.com/users/Santhiya26032006/events{/privacy}","received_events_url":"https://api.github.com/users/Santhiya26032006/received_events","type":"User","user_view_type":"private","site_admin":false,"name":null,"company":null,"blog":"","location":null,"email":null,"hireable":null,"bio":null,"twitter_username":null,"notification_email":null,"public_repos":3,"public_gists":0,"followers":0,"following":0,"created_at":"2025-03-05T08:50:20Z","updated_at":"2026-07-02T05:27:42Z","private_gists":0,"total_private_repos":1,"owned_private_repos":1,"disk_usage":109010,"collaborators":0,"two_factor_authentication":false,"plan":{"name":"free","space":976562499,"collaborators":0,"private_repos":10000}}
[info] 
[info] +  Success! Logged into GitHub as Santhiya26032006 
[info] 
[debug] [2026-07-03T13:08:08.753Z] >>> [apiv2][query] GET https://api.github.com/repos//actions/secrets/public-key type=owner
[debug] [2026-07-03T13:08:09.090Z] <<< [apiv2][status] GET https://api.github.com/repos//actions/secrets/public-key 404
[debug] [2026-07-03T13:08:09.090Z] <<< [apiv2][body] GET https://api.github.com/repos//actions/secrets/public-key {"message":"Not Found","documentation_url":"https://docs.github.com/rest","status":"404"}
[info] 
[info] 
[error] !  The provided authorization cannot be used with this repository. If this repository is in an organization, did you remember to grant access? 
[info] 
[info] i  Action required: Visit this URL to ensure access has been granted to the appropriate organization(s) for the Firebase CLI GitHub OAuth App: 
[info] https://github.com/settings/connections/applications/89cf50f02ac6aaed3484
[info] 
